<?xml version="1.0" encoding="UTF-8"?>
<!-- Generated by org.testng.reporters.JUnitReportReporter -->
<testsuite hostname="DESKTOP-6QOO14N" failures="0" tests="1" name="com.neo.qa.testClasses.LoginTest" time="0.035" errors="0" timestamp="2023-02-18T09:00:03 IST" skipped="0">
  <testcase classname="com.neo.qa.testClasses.LoginTest" name="verifyLoginTest" time="0.035"/>
  <system-out/>
</testsuite> <!-- com.neo.qa.testClasses.LoginTest -->
